
ROM used: 27634 (84%)
          27634 (84%) including unused fragments

          2 Average locations per line
          13 Average locations per statement

RAM used: 495 (24%) at main() level
          699 (34%) worst case

Stack used: 20 worst case (out of 31 total available)

Lines Stmts  %   Files
----- ----- ---  -----
  261   121   6  main.c
   37     0   0  main.h
  461     0   0  C:\Program Files (x86)\PICC\Devices\18F4550.h
   72     0   0  config.h
  592    64   3  tcpip\stacktsk.c
  560     0   0  tcpip\stacktsk.h
  253     0   0  tcpip\pic18.h
  200     0   0  tcpip\hardware.h
  409     0   0  C:\Program Files (x86)\PICC\Drivers\string.h
   32     0   0  C:\Program Files (x86)\PICC\Drivers\stddef.h
   28     0   0  C:\Program Files (x86)\PICC\Drivers\ctype.h
 1273   359  17  C:\Program Files (x86)\PICC\Drivers\stdlib.h
  249    43   2  tcpip\helpers.c
   65     0   0  tcpip\helpers.h
  218     0   0  tcpip\mac.h
  560     0   0  tcpip\StackTsk.h
  726     0   0  tcpip\ENC28J60.h
  155    15   1  tcpip\tick.c
  148     0   0  tcpip\tick.h
 2238   333  15  tcpip\enc28j60.c
   65     0   0  tcpip\Helpers.h
  218     0   0  tcpip\MAC.h
  307    39   2  tcpip\ip.c
  258     0   0  tcpip\ip.h
 1791   566  26  tcpip\tcp.c
  408     0   0  tcpip\tcp.h
  258    33   2  tcpip\icmp.c
  151     0   0  tcpip\icmp.h
  213    31   1  tcpip\arptsk.c
  118     0   0  tcpip\arp.h
  128     0   0  tcpip\arptsk.h
  245    52   2  tcpip\arp.c
  163    96   4  config.c
  617   313  15  tcpclient.c
  181    84   4  inputscan.c
----- -----
13658  2149 Total

Page ROM  %  RAM   Vol Diff  Functions:
---- --- --- ---   --- ----  ----------
0     40   0   1             @delay_ms1
0     80   0   2             @MUL88
0    418   1   9  1815 10.5  atoi
0     92   0  14             @MUL3232
0    130   0   4   101  3.8  rand
0     70   0   5             @DIV1616
0     18   0   4    39  2.1  srand
0     22   0   4   178  3.0  swaps
0     34   0   8   325  3.2  swapl
0    246   0  20  1076  9.4  CalcIPChecksum
0     20   0   0   138  2.9  TickInit
0     26   0   2    86  2.1  TickGet
0     32   0   0   237  1.6  Tick_Isr
0     16   0   0    82  1.3  ENCSPIInit
0     58   0   3   312  4.7  ENCSPIXfer
0    460   1   2  3878 11.2  MACInit
0     36   0   2    91  2.7  MACIsTxReady
0     40   0   2   118  3.9  MACGetTxBuffer
0      2   0   1    22  1.0  MACDiscardTx
0    160   0   2   636  7.5  MACDiscardRx
0    398   1   6  1307  9.3  MACGetFreeRxSize
0    374   1  26  1894 10.6  MACGetHeader
0    250   0   8   989  9.0  MACPutHeader
0    818   1   2  2697 11.5  MACFlush
0    188   0   6   692  7.2  MACSetRxBuffer
0    198   0   6   576  6.5  MACSetTxBuffer
0    360   1   8  1582  9.2  MACCalcRxChecksum
0    308   1   8   908  8.1  MACCalcTxChecksum
0    460   1   6  1772 10.9  CalcIPBufferChecksum
0     68   0   1   151  2.9  MACGet
0    124   0   8   281  5.5  MACGetArray
0     54   0   1   110  2.1  MACPut
0    102   0   5   187  4.4  MACPutArray
0     20   0   0    84  2.0  SendSystemReset
0     42   0   3   158  3.1  ReadETHReg
0     50   0   3   183  3.0  ReadMACReg
0    138   0   4   444  4.3  ReadPHYReg
0     30   0   3   123  2.8  WriteReg
0     30   0   3   123  2.8  BFCReg
0     30   0   3   123  2.8  BFSReg
0    110   0   6   322  4.7  WritePHYReg
0     42   0   5   149  4.7  BankSel
0    154   0   5   647  6.3  MACSetDuplex
0    236   0  32   857  7.7  IPGetHeader
0    304   1  29  1184  7.5  IPPutHeader
0     26   0   4    33  1.7  IPSetRxBuffer
0    224   0   6   183  1.9  SwapIPHeader
0    322   1   5  1194  8.7  TCPInit
0    542   1  22  1214 10.1  TCPConnect
0     42   0   3    53  3.0  TCPIsConnected
0    316   1  17   497  6.9  TCPDisconnect
0    458   1  20   635  7.1  TCPFlush
0    160   0   3   197  4.0  TCPIsPutReady
0    330   1   8   790  9.0  TCPPut
0     80   0   5   200  5.1  TCPDiscard
0    214   0   7   506  6.9  TCPGet
0     46   0   3    52  2.6  TCPIsGetReady
0   1216   2  22  3640 15.7  TCPTick
0     44   0   0             @goto12112
0    446   1  46  1562  9.6  TCPProcess
0    558   1  58  3274 11.6  TransmitTCP
0    496   1  12  1233  9.4  FindMatching_TCP_Socket
0    550   1   8   409  2.9  SwapTCPHeader
0    272   0   4   717  5.3  CloseSocket
0   2802   5  36  7883 13.9  HandleTCPSeg
0    220   0  89   723  7.5  ICMPGet
0    284   1  87  1247  7.7  ICMPPut
0    224   0   6   203  2.0  SwapICMPPacket
0     30   0   0   414  2.8  ARPInit
0    150   0  11   511  8.0  ARPProcess
0     64   0  12   101  3.1  ARPResolve
0    130   0   6   251  3.8  ARPIsResolved
0    232   0  34   803  7.6  ARPGet
0    398   1  36  1689  7.9  ARPPut
0    212   0   6   224  2.8  SwapARPPacket
0     16   0   0   170  2.2  StackInit
0    424   1   8  2547 10.8  StackTask
0     40   0   0             @goto12610
0     14   0   0   163  2.7  MacReset
0     96   0   2  1045  4.4  ConfigReset
0     46   0   0    35  1.7  EEPWriteFlag
0     86   0   3   141  4.8  EEPWriteSrvIp
0     86   0   3   141  4.8  EEPWriteIp
0     86   0   3   141  4.8  EEPWriteGate
0     86   0   3   141  4.8  EEPWriteMask
0     86   0   3   141  4.8  EEPWriteMac
0     86   0   3   141  4.8  EEPWriteInputTypes
0    498   1   2   804  4.8  EEPWriteOutputState
0     14   0   0    66  1.3  EEPWriteConfig
0    366   1   4  1047  4.7  EEPReadAll
0     12   0   1    33  1.7  ClientSockPut
0     36   0   0   351  2.8  TCPClientInit
0      2   0   0     3  0.0  LCDPrintCmdUK
0    264   0   4   321  3.4  OutSet
0     66   0   6             @WRITEBITA
0    888   2  11  4647 10.1  ConfigSet
0    108   0   3   307  6.0  InTypeSet
0     14   0   0    17  0.8  SrvSet
0     14   0   0    17  0.8  IpSet
0     14   0   0    17  0.8  MaskSet
0     14   0   0    17  0.8  GateSet
0     14   0   0    17  0.8  MacSet
0     32   0   2    85  3.6  ObjFound
0     42   0   3   131  4.0  CmdFound
0     32   0   2    85  3.6  AttFound
0    384   1   0  1179  3.9  IOReqHandle
0      6   0   0    17  0.8  TCPLedOn
0      6   0   0    17  0.8  TCPLedOff
0    224   0   0   631  3.3  CfReqHandle
0   2462   4  18  8105 12.1  TCPClientTask
0     34   0   1             @SPRINTF
0     44   0   3             @DIV88
0    222   0   6             @PRINTF_D_1507
0     36   0   2             @PSTRINGR_1441
0     70   0   2             @PRINTF_X_1441
0     12   0   0             @const1526
0     34   0   2             @PSTRINGC_1441
0     42   0   0             @goto13397
0     62   0   0   409  2.4  InsStore
0     90   0   2   240  3.7  InputsScanInit
0     80   0   2   174  3.5  OnResetBtnReleased
0     78   0   2    76  2.3  InChangedHandle
0     50   0   5             @READBITA
0    814   1   6  2466  7.9  InsListen
0     26   0   0   431  2.9  MyMacInit
0    114   0   4  1321  4.4  MyIpInit
0     66   0   4   127  3.9  MyInputTypesInit
0     28   0   0   156  3.0  ConfigInit
0     84   0   3    88  2.5  OutputHigh
0     64   0   0   450  1.4  IOsConfig
0    244   0   3   489  3.3  OutputsRestore
0     20   0   0    63  1.1  ResetEnc28J60
0     56   0   0   233  3.6  timer1_isr
0     20   0   0   104  1.7  Timer1Init
0    422   1   1   413  4.2  main

Program metrics:
    Functions               119
    Statements              2149
    Comments                7112
    Volume (V)              164471
    Difficilty (D)          600.0
    Effort to implement (E) 98681165
    Time to implement (T)   1522 hours, 51 minutes
    Est Delivered Bugs (B)  71
    Cyclomatic Complexity   285
    Maintainability (MI)    58

 Segment     Used  Free
-----------  ----  ----
00000-00002     4  0  
00004-00006     4  0  
00008-000B8   178  0  
000BA-07FFE  27448  5134  



