Listening for transport dt_socket at address: 8888
12-Oct-2018 16:45:53.544 INFO [main] org.apache.catalina.startup.VersionLoggerListener.log Server version:        Apache Tomcat/9.0.7
12-Oct-2018 16:45:53.546 INFO [main] org.apache.catalina.startup.VersionLoggerListener.log Server built:          Apr 3 2018 19:53:05 UTC
12-Oct-2018 16:45:53.546 INFO [main] org.apache.catalina.startup.VersionLoggerListener.log Server number:         9.0.7.0
12-Oct-2018 16:45:53.546 INFO [main] org.apache.catalina.startup.VersionLoggerListener.log OS Name:               Linux
12-Oct-2018 16:45:53.546 INFO [main] org.apache.catalina.startup.VersionLoggerListener.log OS Version:            4.15.0-36-generic
12-Oct-2018 16:45:53.547 INFO [main] org.apache.catalina.startup.VersionLoggerListener.log Architecture:          amd64
12-Oct-2018 16:45:53.547 INFO [main] org.apache.catalina.startup.VersionLoggerListener.log Java Home:             /usr/lib/jvm/java-8-oracle/jre
12-Oct-2018 16:45:53.547 INFO [main] org.apache.catalina.startup.VersionLoggerListener.log JVM Version:           1.8.0_161-b12
12-Oct-2018 16:45:53.547 INFO [main] org.apache.catalina.startup.VersionLoggerListener.log JVM Vendor:            Oracle Corporation
12-Oct-2018 16:45:53.547 INFO [main] org.apache.catalina.startup.VersionLoggerListener.log CATALINA_BASE:         /home/santran/WorkInCba/ionoff/ionoff.tomcat
12-Oct-2018 16:45:53.547 INFO [main] org.apache.catalina.startup.VersionLoggerListener.log CATALINA_HOME:         /home/santran/WorkInCba/ionoff/ionoff.tomcat
12-Oct-2018 16:45:53.547 INFO [main] org.apache.catalina.startup.VersionLoggerListener.log Command line argument: -Djava.util.logging.config.file=/home/santran/WorkInCba/ionoff/ionoff.tomcat/conf/logging.properties
12-Oct-2018 16:45:53.547 INFO [main] org.apache.catalina.startup.VersionLoggerListener.log Command line argument: -Djava.util.logging.manager=org.apache.juli.ClassLoaderLogManager
12-Oct-2018 16:45:53.547 INFO [main] org.apache.catalina.startup.VersionLoggerListener.log Command line argument: -Djdk.tls.ephemeralDHKeySize=2048
12-Oct-2018 16:45:53.547 INFO [main] org.apache.catalina.startup.VersionLoggerListener.log Command line argument: -Djava.protocol.handler.pkgs=org.apache.catalina.webresources
12-Oct-2018 16:45:53.547 INFO [main] org.apache.catalina.startup.VersionLoggerListener.log Command line argument: -Dorg.apache.catalina.security.SecurityListener.UMASK=0027
12-Oct-2018 16:45:53.547 INFO [main] org.apache.catalina.startup.VersionLoggerListener.log Command line argument: -Xdebug
12-Oct-2018 16:45:53.548 INFO [main] org.apache.catalina.startup.VersionLoggerListener.log Command line argument: -Xrunjdwp:transport=dt_socket,address=8888,server=y,suspend=n
12-Oct-2018 16:45:53.548 INFO [main] org.apache.catalina.startup.VersionLoggerListener.log Command line argument: -Dignore.endorsed.dirs=
12-Oct-2018 16:45:53.548 INFO [main] org.apache.catalina.startup.VersionLoggerListener.log Command line argument: -Dcatalina.base=/home/santran/WorkInCba/ionoff/ionoff.tomcat
12-Oct-2018 16:45:53.548 INFO [main] org.apache.catalina.startup.VersionLoggerListener.log Command line argument: -Dcatalina.home=/home/santran/WorkInCba/ionoff/ionoff.tomcat
12-Oct-2018 16:45:53.548 INFO [main] org.apache.catalina.startup.VersionLoggerListener.log Command line argument: -Djava.io.tmpdir=/home/santran/WorkInCba/ionoff/ionoff.tomcat/temp
12-Oct-2018 16:45:53.548 INFO [main] org.apache.catalina.core.AprLifecycleListener.lifecycleEvent The APR based Apache Tomcat Native library which allows optimal performance in production environments was not found on the java.library.path: [/usr/java/packages/lib/amd64:/usr/lib64:/lib64:/lib:/usr/lib]
12-Oct-2018 16:45:53.633 INFO [main] org.apache.coyote.AbstractProtocol.init Initializing ProtocolHandler ["http-nio-8088"]
12-Oct-2018 16:45:53.640 SEVERE [main] org.apache.catalina.util.LifecycleBase.handleSubClassException Failed to initialize component [Connector[HTTP/1.1-8088]]
 org.apache.catalina.LifecycleException: Protocol handler initialization failed
	at org.apache.catalina.connector.Connector.initInternal(Connector.java:935)
	at org.apache.catalina.util.LifecycleBase.init(LifecycleBase.java:136)
	at org.apache.catalina.core.StandardService.initInternal(StandardService.java:530)
	at org.apache.catalina.util.LifecycleBase.init(LifecycleBase.java:136)
	at org.apache.catalina.core.StandardServer.initInternal(StandardServer.java:852)
	at org.apache.catalina.util.LifecycleBase.init(LifecycleBase.java:136)
	at org.apache.catalina.startup.Catalina.load(Catalina.java:633)
	at org.apache.catalina.startup.Catalina.load(Catalina.java:656)
	at sun.reflect.NativeMethodAccessorImpl.invoke0(Native Method)
	at sun.reflect.NativeMethodAccessorImpl.invoke(NativeMethodAccessorImpl.java:62)
	at sun.reflect.DelegatingMethodAccessorImpl.invoke(DelegatingMethodAccessorImpl.java:43)
	at java.lang.reflect.Method.invoke(Method.java:498)
	at org.apache.catalina.startup.Bootstrap.load(Bootstrap.java:306)
	at org.apache.catalina.startup.Bootstrap.main(Bootstrap.java:491)
Caused by: java.net.BindException: Address already in use
	at sun.nio.ch.Net.bind0(Native Method)
	at sun.nio.ch.Net.bind(Net.java:433)
	at sun.nio.ch.Net.bind(Net.java:425)
	at sun.nio.ch.ServerSocketChannelImpl.bind(ServerSocketChannelImpl.java:223)
	at sun.nio.ch.ServerSocketAdaptor.bind(ServerSocketAdaptor.java:74)
	at org.apache.tomcat.util.net.NioEndpoint.initServerSocket(NioEndpoint.java:227)
	at org.apache.tomcat.util.net.NioEndpoint.bind(NioEndpoint.java:202)
	at org.apache.tomcat.util.net.AbstractEndpoint.init(AbstractEndpoint.java:1043)
	at org.apache.coyote.AbstractProtocol.init(AbstractProtocol.java:540)
	at org.apache.coyote.http11.AbstractHttp11Protocol.init(AbstractHttp11Protocol.java:74)
	at org.apache.catalina.connector.Connector.initInternal(Connector.java:932)
	... 13 more

12-Oct-2018 16:45:53.641 INFO [main] org.apache.coyote.AbstractProtocol.init Initializing ProtocolHandler ["ajp-nio-8089"]
12-Oct-2018 16:45:53.644 INFO [main] org.apache.tomcat.util.net.NioSelectorPool.getSharedSelector Using a shared selector for servlet write/read
12-Oct-2018 16:45:53.648 INFO [main] org.apache.catalina.startup.Catalina.load Initialization processed in 398 ms
12-Oct-2018 16:45:53.667 INFO [main] org.apache.catalina.core.StandardService.startInternal Starting service [Catalina]
12-Oct-2018 16:45:53.668 INFO [main] org.apache.catalina.core.StandardEngine.startInternal Starting Servlet Engine: Apache Tomcat/9.0.7
12-Oct-2018 16:45:53.675 INFO [main] org.apache.catalina.startup.HostConfig.deployDescriptor Deploying deployment descriptor [/home/santran/WorkInCba/ionoff/ionoff.tomcat/conf/Catalina/localhost/ionoff.xml]
12-Oct-2018 16:45:53.690 WARNING [main] org.apache.catalina.startup.HostConfig.deployDescriptor The path attribute with value [/ionoff] in deployment descriptor [/home/santran/WorkInCba/ionoff/ionoff.tomcat/conf/Catalina/localhost/ionoff.xml] has been ignored
12-Oct-2018 16:45:53.890 INFO [main] org.apache.catalina.startup.HostConfig.deployDescriptor Deployment of deployment descriptor [/home/santran/WorkInCba/ionoff/ionoff.tomcat/conf/Catalina/localhost/ionoff.xml] has finished in [214] ms
12-Oct-2018 16:45:53.892 INFO [main] org.apache.coyote.AbstractProtocol.start Starting ProtocolHandler ["ajp-nio-8089"]
12-Oct-2018 16:45:53.927 INFO [main] org.apache.catalina.startup.Catalina.start Server startup in 278 ms
12-Oct-2018 16:46:33.212 INFO [main] org.apache.catalina.core.StandardServer.await A valid shutdown command was received via the shutdown port. Stopping the Server instance.
12-Oct-2018 16:46:33.212 INFO [main] org.apache.coyote.AbstractProtocol.pause Pausing ProtocolHandler ["http-nio-8088"]
12-Oct-2018 16:46:33.212 INFO [main] org.apache.coyote.AbstractProtocol.pause Pausing ProtocolHandler ["ajp-nio-8089"]
12-Oct-2018 16:46:35.215 INFO [main] org.apache.catalina.core.StandardService.stopInternal Stopping service [Catalina]
12-Oct-2018 16:46:35.225 INFO [main] org.apache.coyote.AbstractProtocol.stop Stopping ProtocolHandler ["ajp-nio-8089"]
12-Oct-2018 16:46:35.252 INFO [main] org.apache.coyote.AbstractProtocol.stop Stopping ProtocolHandler ["http-nio-8088"]
12-Oct-2018 16:46:35.252 INFO [main] org.apache.coyote.AbstractProtocol.destroy Destroying ProtocolHandler ["http-nio-8088"]
12-Oct-2018 16:46:35.252 INFO [main] org.apache.coyote.AbstractProtocol.destroy Destroying ProtocolHandler ["ajp-nio-8089"]
Listening for transport dt_socket at address: 8888
12-Oct-2018 16:50:37.651 INFO [main] org.apache.catalina.startup.VersionLoggerListener.log Server version:        Apache Tomcat/9.0.7
12-Oct-2018 16:50:37.653 INFO [main] org.apache.catalina.startup.VersionLoggerListener.log Server built:          Apr 3 2018 19:53:05 UTC
12-Oct-2018 16:50:37.653 INFO [main] org.apache.catalina.startup.VersionLoggerListener.log Server number:         9.0.7.0
12-Oct-2018 16:50:37.653 INFO [main] org.apache.catalina.startup.VersionLoggerListener.log OS Name:               Linux
12-Oct-2018 16:50:37.653 INFO [main] org.apache.catalina.startup.VersionLoggerListener.log OS Version:            4.15.0-36-generic
12-Oct-2018 16:50:37.653 INFO [main] org.apache.catalina.startup.VersionLoggerListener.log Architecture:          amd64
12-Oct-2018 16:50:37.654 INFO [main] org.apache.catalina.startup.VersionLoggerListener.log Java Home:             /usr/lib/jvm/java-8-oracle/jre
12-Oct-2018 16:50:37.654 INFO [main] org.apache.catalina.startup.VersionLoggerListener.log JVM Version:           1.8.0_161-b12
12-Oct-2018 16:50:37.654 INFO [main] org.apache.catalina.startup.VersionLoggerListener.log JVM Vendor:            Oracle Corporation
12-Oct-2018 16:50:37.654 INFO [main] org.apache.catalina.startup.VersionLoggerListener.log CATALINA_BASE:         /home/santran/WorkInCba/ionoff/ionoff.tomcat
12-Oct-2018 16:50:37.654 INFO [main] org.apache.catalina.startup.VersionLoggerListener.log CATALINA_HOME:         /home/santran/WorkInCba/ionoff/ionoff.tomcat
12-Oct-2018 16:50:37.654 INFO [main] org.apache.catalina.startup.VersionLoggerListener.log Command line argument: -Djava.util.logging.config.file=/home/santran/WorkInCba/ionoff/ionoff.tomcat/conf/logging.properties
12-Oct-2018 16:50:37.654 INFO [main] org.apache.catalina.startup.VersionLoggerListener.log Command line argument: -Djava.util.logging.manager=org.apache.juli.ClassLoaderLogManager
12-Oct-2018 16:50:37.654 INFO [main] org.apache.catalina.startup.VersionLoggerListener.log Command line argument: -Djdk.tls.ephemeralDHKeySize=2048
12-Oct-2018 16:50:37.654 INFO [main] org.apache.catalina.startup.VersionLoggerListener.log Command line argument: -Djava.protocol.handler.pkgs=org.apache.catalina.webresources
12-Oct-2018 16:50:37.655 INFO [main] org.apache.catalina.startup.VersionLoggerListener.log Command line argument: -Dorg.apache.catalina.security.SecurityListener.UMASK=0027
12-Oct-2018 16:50:37.655 INFO [main] org.apache.catalina.startup.VersionLoggerListener.log Command line argument: -Xdebug
12-Oct-2018 16:50:37.655 INFO [main] org.apache.catalina.startup.VersionLoggerListener.log Command line argument: -Xrunjdwp:transport=dt_socket,address=8888,server=y,suspend=n
12-Oct-2018 16:50:37.655 INFO [main] org.apache.catalina.startup.VersionLoggerListener.log Command line argument: -Dignore.endorsed.dirs=
12-Oct-2018 16:50:37.655 INFO [main] org.apache.catalina.startup.VersionLoggerListener.log Command line argument: -Dcatalina.base=/home/santran/WorkInCba/ionoff/ionoff.tomcat
12-Oct-2018 16:50:37.655 INFO [main] org.apache.catalina.startup.VersionLoggerListener.log Command line argument: -Dcatalina.home=/home/santran/WorkInCba/ionoff/ionoff.tomcat
12-Oct-2018 16:50:37.655 INFO [main] org.apache.catalina.startup.VersionLoggerListener.log Command line argument: -Djava.io.tmpdir=/home/santran/WorkInCba/ionoff/ionoff.tomcat/temp
12-Oct-2018 16:50:37.655 INFO [main] org.apache.catalina.core.AprLifecycleListener.lifecycleEvent The APR based Apache Tomcat Native library which allows optimal performance in production environments was not found on the java.library.path: [/usr/java/packages/lib/amd64:/usr/lib64:/lib64:/lib:/usr/lib]
12-Oct-2018 16:50:37.752 INFO [main] org.apache.coyote.AbstractProtocol.init Initializing ProtocolHandler ["http-nio-8188"]
12-Oct-2018 16:50:37.761 INFO [main] org.apache.tomcat.util.net.NioSelectorPool.getSharedSelector Using a shared selector for servlet write/read
12-Oct-2018 16:50:37.765 INFO [main] org.apache.coyote.AbstractProtocol.init Initializing ProtocolHandler ["ajp-nio-8089"]
12-Oct-2018 16:50:37.766 INFO [main] org.apache.tomcat.util.net.NioSelectorPool.getSharedSelector Using a shared selector for servlet write/read
12-Oct-2018 16:50:37.767 INFO [main] org.apache.catalina.startup.Catalina.load Initialization processed in 377 ms
12-Oct-2018 16:50:37.788 INFO [main] org.apache.catalina.core.StandardService.startInternal Starting service [Catalina]
12-Oct-2018 16:50:37.788 INFO [main] org.apache.catalina.core.StandardEngine.startInternal Starting Servlet Engine: Apache Tomcat/9.0.7
12-Oct-2018 16:50:37.794 INFO [main] org.apache.catalina.startup.HostConfig.deployDescriptor Deploying deployment descriptor [/home/santran/WorkInCba/ionoff/ionoff.tomcat/conf/Catalina/localhost/ionoff.xml]
12-Oct-2018 16:50:37.812 WARNING [main] org.apache.catalina.startup.HostConfig.deployDescriptor The path attribute with value [/ionoff] in deployment descriptor [/home/santran/WorkInCba/ionoff/ionoff.tomcat/conf/Catalina/localhost/ionoff.xml] has been ignored
12-Oct-2018 16:50:38.055 INFO [main] org.apache.catalina.startup.HostConfig.deployDescriptor Deployment of deployment descriptor [/home/santran/WorkInCba/ionoff/ionoff.tomcat/conf/Catalina/localhost/ionoff.xml] has finished in [261] ms
12-Oct-2018 16:50:38.057 INFO [main] org.apache.coyote.AbstractProtocol.start Starting ProtocolHandler ["http-nio-8188"]
12-Oct-2018 16:50:38.064 INFO [main] org.apache.coyote.AbstractProtocol.start Starting ProtocolHandler ["ajp-nio-8089"]
12-Oct-2018 16:50:38.065 INFO [main] org.apache.catalina.startup.Catalina.start Server startup in 298 ms
12-Oct-2018 17:02:04.334 INFO [main] org.apache.catalina.core.StandardServer.await A valid shutdown command was received via the shutdown port. Stopping the Server instance.
12-Oct-2018 17:02:04.334 INFO [main] org.apache.coyote.AbstractProtocol.pause Pausing ProtocolHandler ["http-nio-8188"]
12-Oct-2018 17:02:06.336 INFO [main] org.apache.coyote.AbstractProtocol.pause Pausing ProtocolHandler ["ajp-nio-8089"]
12-Oct-2018 17:02:08.339 INFO [main] org.apache.catalina.core.StandardService.stopInternal Stopping service [Catalina]
12-Oct-2018 17:02:08.350 INFO [main] org.apache.coyote.AbstractProtocol.stop Stopping ProtocolHandler ["http-nio-8188"]
12-Oct-2018 17:02:08.352 INFO [main] org.apache.coyote.AbstractProtocol.stop Stopping ProtocolHandler ["ajp-nio-8089"]
12-Oct-2018 17:02:08.357 INFO [main] org.apache.coyote.AbstractProtocol.destroy Destroying ProtocolHandler ["http-nio-8188"]
12-Oct-2018 17:02:08.358 INFO [main] org.apache.coyote.AbstractProtocol.destroy Destroying ProtocolHandler ["ajp-nio-8089"]
Listening for transport dt_socket at address: 8888
12-Oct-2018 17:02:35.400 SEVERE [main] org.apache.catalina.startup.Catalina.initDirs Cannot find specified temporary folder at [/home/santran/WorkInCba/ionoff/ionoff.tomcat/temp]
12-Oct-2018 17:02:35.670 INFO [main] org.apache.catalina.startup.VersionLoggerListener.log Server version:        Apache Tomcat/9.0.7
12-Oct-2018 17:02:35.670 INFO [main] org.apache.catalina.startup.VersionLoggerListener.log Server built:          Apr 3 2018 19:53:05 UTC
12-Oct-2018 17:02:35.670 INFO [main] org.apache.catalina.startup.VersionLoggerListener.log Server number:         9.0.7.0
12-Oct-2018 17:02:35.671 INFO [main] org.apache.catalina.startup.VersionLoggerListener.log OS Name:               Linux
12-Oct-2018 17:02:35.671 INFO [main] org.apache.catalina.startup.VersionLoggerListener.log OS Version:            4.15.0-36-generic
12-Oct-2018 17:02:35.671 INFO [main] org.apache.catalina.startup.VersionLoggerListener.log Architecture:          amd64
12-Oct-2018 17:02:35.671 INFO [main] org.apache.catalina.startup.VersionLoggerListener.log Java Home:             /usr/lib/jvm/java-8-oracle/jre
12-Oct-2018 17:02:35.671 INFO [main] org.apache.catalina.startup.VersionLoggerListener.log JVM Version:           1.8.0_161-b12
12-Oct-2018 17:02:35.671 INFO [main] org.apache.catalina.startup.VersionLoggerListener.log JVM Vendor:            Oracle Corporation
12-Oct-2018 17:02:35.671 INFO [main] org.apache.catalina.startup.VersionLoggerListener.log CATALINA_BASE:         /home/santran/WorkInCba/ionoff/ionoff.tomcat
12-Oct-2018 17:02:35.671 INFO [main] org.apache.catalina.startup.VersionLoggerListener.log CATALINA_HOME:         /home/santran/WorkInCba/ionoff/ionoff.tomcat
12-Oct-2018 17:02:35.671 INFO [main] org.apache.catalina.startup.VersionLoggerListener.log Command line argument: -Djava.util.logging.config.file=/home/santran/WorkInCba/ionoff/ionoff.tomcat/conf/logging.properties
12-Oct-2018 17:02:35.671 INFO [main] org.apache.catalina.startup.VersionLoggerListener.log Command line argument: -Djava.util.logging.manager=org.apache.juli.ClassLoaderLogManager
12-Oct-2018 17:02:35.672 INFO [main] org.apache.catalina.startup.VersionLoggerListener.log Command line argument: -Djdk.tls.ephemeralDHKeySize=2048
12-Oct-2018 17:02:35.672 INFO [main] org.apache.catalina.startup.VersionLoggerListener.log Command line argument: -Djava.protocol.handler.pkgs=org.apache.catalina.webresources
12-Oct-2018 17:02:35.672 INFO [main] org.apache.catalina.startup.VersionLoggerListener.log Command line argument: -Dorg.apache.catalina.security.SecurityListener.UMASK=0027
12-Oct-2018 17:02:35.672 INFO [main] org.apache.catalina.startup.VersionLoggerListener.log Command line argument: -Xdebug
12-Oct-2018 17:02:35.672 INFO [main] org.apache.catalina.startup.VersionLoggerListener.log Command line argument: -Xrunjdwp:transport=dt_socket,address=8888,server=y,suspend=n
12-Oct-2018 17:02:35.672 INFO [main] org.apache.catalina.startup.VersionLoggerListener.log Command line argument: -Dignore.endorsed.dirs=
12-Oct-2018 17:02:35.672 INFO [main] org.apache.catalina.startup.VersionLoggerListener.log Command line argument: -Dcatalina.base=/home/santran/WorkInCba/ionoff/ionoff.tomcat
12-Oct-2018 17:02:35.672 INFO [main] org.apache.catalina.startup.VersionLoggerListener.log Command line argument: -Dcatalina.home=/home/santran/WorkInCba/ionoff/ionoff.tomcat
12-Oct-2018 17:02:35.672 INFO [main] org.apache.catalina.startup.VersionLoggerListener.log Command line argument: -Djava.io.tmpdir=/home/santran/WorkInCba/ionoff/ionoff.tomcat/temp
12-Oct-2018 17:02:35.672 INFO [main] org.apache.catalina.core.AprLifecycleListener.lifecycleEvent The APR based Apache Tomcat Native library which allows optimal performance in production environments was not found on the java.library.path: [/usr/java/packages/lib/amd64:/usr/lib64:/lib64:/lib:/usr/lib]
12-Oct-2018 17:02:35.754 INFO [main] org.apache.coyote.AbstractProtocol.init Initializing ProtocolHandler ["http-nio-8108"]
12-Oct-2018 17:02:35.762 INFO [main] org.apache.tomcat.util.net.NioSelectorPool.getSharedSelector Using a shared selector for servlet write/read
12-Oct-2018 17:02:35.767 INFO [main] org.apache.coyote.AbstractProtocol.init Initializing ProtocolHandler ["ajp-nio-8089"]
12-Oct-2018 17:02:35.768 INFO [main] org.apache.tomcat.util.net.NioSelectorPool.getSharedSelector Using a shared selector for servlet write/read
12-Oct-2018 17:02:35.768 INFO [main] org.apache.catalina.startup.Catalina.load Initialization processed in 369 ms
12-Oct-2018 17:02:35.787 INFO [main] org.apache.catalina.core.StandardService.startInternal Starting service [Catalina]
12-Oct-2018 17:02:35.787 INFO [main] org.apache.catalina.core.StandardEngine.startInternal Starting Servlet Engine: Apache Tomcat/9.0.7
12-Oct-2018 17:02:35.793 INFO [main] org.apache.catalina.startup.HostConfig.deployDescriptor Deploying deployment descriptor [/home/santran/WorkInCba/ionoff/ionoff.tomcat/conf/Catalina/localhost/ionoff.xml]
12-Oct-2018 17:02:35.811 WARNING [main] org.apache.catalina.startup.HostConfig.deployDescriptor The path attribute with value [/ionoff] in deployment descriptor [/home/santran/WorkInCba/ionoff/ionoff.tomcat/conf/Catalina/localhost/ionoff.xml] has been ignored
12-Oct-2018 17:02:36.079 INFO [main] org.apache.catalina.startup.HostConfig.deployDescriptor Deployment of deployment descriptor [/home/santran/WorkInCba/ionoff/ionoff.tomcat/conf/Catalina/localhost/ionoff.xml] has finished in [284] ms
12-Oct-2018 17:02:36.082 INFO [main] org.apache.coyote.AbstractProtocol.start Starting ProtocolHandler ["http-nio-8108"]
12-Oct-2018 17:02:36.088 INFO [main] org.apache.coyote.AbstractProtocol.start Starting ProtocolHandler ["ajp-nio-8089"]
12-Oct-2018 17:02:36.096 INFO [main] org.apache.catalina.startup.Catalina.start Server startup in 326 ms
