
ROM used: 399 (10%)
          399 (10%) including unused fragments

          1 Average locations per line
          3 Average locations per statement

RAM used: 7 (4%) at main() level
          8 (4%) worst case

Stack used: 2 worst case (out of 8 total available)

Lines Stmts  %   Files
----- ----- ---  -----
  153   127 100  main.c
   40     0   0  main.h
  353     0   0  C:\Program Files (x86)\PICC\Devices\16F723.h
----- -----
  546   127 Total

Page ROM  %  RAM   Vol Diff  Functions:
---- --- --- ---   --- ----  ----------
0     20   5   1             @delay_ms1
0     65  16   0   396  1.4  IOsConfig
0    270  68   2  4932  4.0  InputsScan
0     40  10   1    94  1.6  MAIN

Program metrics:
    Functions               3
    Statements              127
    Comments                77
    Volume (V)              5918
    Difficilty (D)          7.3
    Effort to implement (E) 43402
    Time to implement (T)   40 minutes
    Est Delivered Bugs (B)  0
    Cyclomatic Complexity   34
    Maintainability (MI)    118

 Segment     Used  Free
-----------  ----  ----
00000-00003     4  0  
00004-007FF   395  1649  
00800-00FFF     0  2048  



